This is pdfTeX, Version 3.14159265-2.6-1.40.19 (MiKTeX 2.9.6840 64-bit) (preloaded format=pdflatex 2018.11.6)  18 APR 2019 17:12
entering extended mode
**./pSplines.tex
(pSplines.tex
LaTeX2e <2018-04-01> patch level 5
(svjour3.cls
Document Class: svjour3 2007/05/08 v3.2 
LaTeX document class for Springer journals
("C:\Program Files\MiKTeX 2.9\tex\latex\base\fleqn.clo"
File: fleqn.clo 2016/12/29 v1.2a Standard LaTeX option (flush left equations)
\mathindent=\dimen102
Applying: [2015/01/01] Make \[ robust on input line 50.
LaTeX Info: Redefining \[ on input line 51.
Already applied: [0000/00/00] Make \[ robust on input line 62.
Applying: [2015/01/01] Make \] robust on input line 74.
LaTeX Info: Redefining \] on input line 75.
Already applied: [0000/00/00] Make \] robust on input line 83.
)
Class Springer-SVJour3 Info: extra/valid Springer sub-package (-> *.clo) 
(Springer-SVJour3)           not found in option list of \documentclass
(Springer-SVJour3)           - autoactivating "global" style.
 (svglov3.clo
File: svglov3.clo 2009/12/18 v3.2 style option for standardised journals

SVJour Class option: svglov3.clo for standardised journals
)
LaTeX Font Info:    Redeclaring math symbol \Gamma on input line 147.
LaTeX Font Info:    Redeclaring math symbol \Delta on input line 148.
LaTeX Font Info:    Redeclaring math symbol \Theta on input line 149.
LaTeX Font Info:    Redeclaring math symbol \Lambda on input line 150.
LaTeX Font Info:    Redeclaring math symbol \Xi on input line 151.
LaTeX Font Info:    Redeclaring math symbol \Pi on input line 152.
LaTeX Font Info:    Redeclaring math symbol \Sigma on input line 153.
LaTeX Font Info:    Redeclaring math symbol \Upsilon on input line 154.
LaTeX Font Info:    Redeclaring math symbol \Phi on input line 155.
LaTeX Font Info:    Redeclaring math symbol \Psi on input line 156.
LaTeX Font Info:    Redeclaring math symbol \Omega on input line 157.
\logodepth=\dimen103
\headerboxheight=\dimen104
\betweenumberspace=\dimen105
\aftertext=\dimen106
\headlineindent=\dimen107
\c@inst=\count80
\c@auth=\count81
\instindent=\dimen108
\authrun=\box26
\authorrunning=\toks14
\titrun=\box27
\titlerunning=\toks15
\combirun=\box28
\c@lastpage=\count82
\rubricwidth=\dimen109
\c@section=\count83
\c@subsection=\count84
\c@subsubsection=\count85
\c@paragraph=\count86
\c@subparagraph=\count87
\spthmsep=\dimen110
\c@theorem=\count88
\c@case=\count89
\c@conjecture=\count90
\c@corollary=\count91
\c@definition=\count92
\c@example=\count93
\c@exercise=\count94
\c@lemma=\count95
\c@note=\count96
\c@problem=\count97
\c@property=\count98
\c@proposition=\count99
\c@question=\count100
\c@solution=\count101
\c@remark=\count102
\c@figure=\count103
\c@table=\count104
\abovecaptionskip=\skip41
\belowcaptionskip=\skip42
\figcapgap=\dimen111
\tabcapgap=\dimen112
\figgap=\dimen113
\bibindent=\dimen114
\@tempcntc=\count105
) ("C:\Program Files\MiKTeX 2.9\tex\latex\graphics\graphicx.sty"
Package: graphicx 2017/06/01 v1.1a Enhanced LaTeX Graphics (DPC,SPQR)

("C:\Program Files\MiKTeX 2.9\tex\latex\graphics\keyval.sty"
Package: keyval 2014/10/28 v1.15 key=value parser (DPC)
\KV@toks@=\toks16
)
("C:\Program Files\MiKTeX 2.9\tex\latex\graphics\graphics.sty"
Package: graphics 2017/06/25 v1.2c Standard LaTeX Graphics (DPC,SPQR)

("C:\Program Files\MiKTeX 2.9\tex\latex\graphics\trig.sty"
Package: trig 2016/01/03 v1.10 sin cos tan (DPC)
)
("C:\Program Files\MiKTeX 2.9\tex\latex\graphics-cfg\graphics.cfg"
File: graphics.cfg 2016/06/04 v1.11 sample graphics configuration
)
Package graphics Info: Driver file: pdftex.def on input line 99.

("C:\Program Files\MiKTeX 2.9\tex\latex\graphics-def\pdftex.def"
File: pdftex.def 2018/01/08 v1.0l Graphics/color driver for pdftex
))
\Gin@req@height=\dimen115
\Gin@req@width=\dimen116
)
(C:\Users\pmat747\AppData\Roaming\MiKTeX\2.9\tex\latex\natbib\natbib.sty
Package: natbib 2010/09/13 8.31b (PWD, AO)
\bibhang=\skip43
\bibsep=\skip44
LaTeX Info: Redefining \cite on input line 694.
\c@NAT@ctr=\count106
)
("C:\Program Files\MiKTeX 2.9\tex\latex\amsmath\amsmath.sty"
Package: amsmath 2017/09/02 v2.17a AMS math features
\@mathmargin=\skip45

For additional information on amsmath, use the `?' option.
("C:\Program Files\MiKTeX 2.9\tex\latex\amsmath\amstext.sty"
Package: amstext 2000/06/29 v2.01 AMS text

("C:\Program Files\MiKTeX 2.9\tex\latex\amsmath\amsgen.sty"
File: amsgen.sty 1999/11/30 v2.0 generic functions
\@emptytoks=\toks17
\ex@=\dimen117
))
("C:\Program Files\MiKTeX 2.9\tex\latex\amsmath\amsbsy.sty"
Package: amsbsy 1999/11/29 v1.2d Bold Symbols
\pmbraise@=\dimen118
)
("C:\Program Files\MiKTeX 2.9\tex\latex\amsmath\amsopn.sty"
Package: amsopn 2016/03/08 v2.02 operator names
)
\inf@bad=\count107
LaTeX Info: Redefining \frac on input line 213.
\uproot@=\count108
\leftroot@=\count109
LaTeX Info: Redefining \overline on input line 375.
\classnum@=\count110
\DOTSCASE@=\count111
LaTeX Info: Redefining \ldots on input line 472.
LaTeX Info: Redefining \dots on input line 475.
LaTeX Info: Redefining \cdots on input line 596.
\Mathstrutbox@=\box29
\strutbox@=\box30
\big@size=\dimen119
LaTeX Font Info:    Redeclaring font encoding OML on input line 712.
LaTeX Font Info:    Redeclaring font encoding OMS on input line 713.


Package amsmath Warning: Unable to redefine math accent \vec.

\macc@depth=\count112
\c@MaxMatrixCols=\count113
\dotsspace@=\muskip10
\c@parentequation=\count114
\dspbrk@lvl=\count115
\tag@help=\toks18
\row@=\count116
\column@=\count117
\maxfields@=\count118
\andhelp@=\toks19
\eqnshift@=\dimen120
\alignsep@=\dimen121
\tagshift@=\dimen122
\tagwidth@=\dimen123
\totwidth@=\dimen124
\lineht@=\dimen125
\@envbody=\toks20
\multlinegap=\skip46
\multlinetaggap=\skip47
\mathdisplay@stack=\toks21
LaTeX Info: Redefining \[ on input line 2817.
LaTeX Info: Redefining \] on input line 2818.
) ("C:\Program Files\MiKTeX 2.9\tex\latex\hyperref\hyperref.sty"
Package: hyperref 2018/09/30 v6.88a Hypertext links for LaTeX

("C:\Program Files\MiKTeX 2.9\tex\generic\oberdiek\hobsub-hyperref.sty"
Package: hobsub-hyperref 2016/05/16 v1.14 Bundle oberdiek, subset hyperref (HO)


("C:\Program Files\MiKTeX 2.9\tex\generic\oberdiek\hobsub-generic.sty"
Package: hobsub-generic 2016/05/16 v1.14 Bundle oberdiek, subset generic (HO)
Package: hobsub 2016/05/16 v1.14 Construct package bundles (HO)
Package: infwarerr 2016/05/16 v1.4 Providing info/warning/error messages (HO)
Package: ltxcmds 2016/05/16 v1.23 LaTeX kernel commands for general use (HO)
Package: ifluatex 2016/05/16 v1.4 Provides the ifluatex switch (HO)
Package ifluatex Info: LuaTeX not detected.
Package: ifvtex 2016/05/16 v1.6 Detect VTeX and its facilities (HO)
Package ifvtex Info: VTeX not detected.
Package: intcalc 2016/05/16 v1.2 Expandable calculations with integers (HO)
Package: ifpdf 2018/09/07 v3.3 Provides the ifpdf switch
Package: etexcmds 2016/05/16 v1.6 Avoid name clashes with e-TeX commands (HO)
Package etexcmds Info: Could not find \expanded.
(etexcmds)             That can mean that you are not using pdfTeX 1.50 or
(etexcmds)             that some package has redefined \expanded.
(etexcmds)             In the latter case, load this package earlier.
Package: kvsetkeys 2016/05/16 v1.17 Key value parser (HO)
Package: kvdefinekeys 2016/05/16 v1.4 Define keys (HO)
Package: pdftexcmds 2018/09/10 v0.29 Utility functions of pdfTeX for LuaTeX (HO
)
Package pdftexcmds Info: LuaTeX not detected.
Package pdftexcmds Info: \pdf@primitive is available.
Package pdftexcmds Info: \pdf@ifprimitive is available.
Package pdftexcmds Info: \pdfdraftmode found.
Package: pdfescape 2016/05/16 v1.14 Implements pdfTeX's escape features (HO)
Package: bigintcalc 2016/05/16 v1.4 Expandable calculations on big integers (HO
)
Package: bitset 2016/05/16 v1.2 Handle bit-vector datatype (HO)
Package: uniquecounter 2016/05/16 v1.3 Provide unlimited unique counter (HO)
)
Package hobsub Info: Skipping package `hobsub' (already loaded).
Package: letltxmacro 2016/05/16 v1.5 Let assignment for LaTeX macros (HO)
Package: hopatch 2016/05/16 v1.3 Wrapper for package hooks (HO)
Package: xcolor-patch 2016/05/16 xcolor patch
Package: atveryend 2016/05/16 v1.9 Hooks at the very end of document (HO)
Package atveryend Info: \enddocument detected (standard20110627).
Package: atbegshi 2016/06/09 v1.18 At begin shipout hook (HO)
Package: refcount 2016/05/16 v3.5 Data extraction from label references (HO)
Package: hycolor 2016/05/16 v1.8 Color options for hyperref/bookmark (HO)
)
("C:\Program Files\MiKTeX 2.9\tex\generic\ifxetex\ifxetex.sty"
Package: ifxetex 2010/09/12 v0.6 Provides ifxetex conditional
)
("C:\Program Files\MiKTeX 2.9\tex\latex\oberdiek\auxhook.sty"
Package: auxhook 2016/05/16 v1.4 Hooks for auxiliary files (HO)
)
("C:\Program Files\MiKTeX 2.9\tex\latex\oberdiek\kvoptions.sty"
Package: kvoptions 2016/05/16 v3.12 Key value format for package options (HO)
)
\@linkdim=\dimen126
\Hy@linkcounter=\count119
\Hy@pagecounter=\count120

("C:\Program Files\MiKTeX 2.9\tex\latex\hyperref\pd1enc.def"
File: pd1enc.def 2018/09/30 v6.88a Hyperref: PDFDocEncoding definition (HO)
Now handling font encoding PD1 ...
... no UTF-8 mapping file for font encoding PD1
)
\Hy@SavedSpaceFactor=\count121

("C:\Program Files\MiKTeX 2.9\tex\latex\00miktex\hyperref.cfg"
File: hyperref.cfg 2002/06/06 v1.2 hyperref configuration of TeXLive
)
Package hyperref Info: Option `final' set `true' on input line 4409.
Package hyperref Info: Hyper figures OFF on input line 4535.
Package hyperref Info: Link nesting OFF on input line 4540.
Package hyperref Info: Hyper index ON on input line 4543.
Package hyperref Info: Plain pages OFF on input line 4550.
Package hyperref Info: Backreferencing OFF on input line 4555.
Package hyperref Info: Implicit mode ON; LaTeX internals redefined.
Package hyperref Info: Bookmarks ON on input line 4788.
\c@Hy@tempcnt=\count122

(C:\Users\pmat747\AppData\Roaming\MiKTeX\2.9\tex\latex\url\url.sty
\Urlmuskip=\muskip11
Package: url 2013/09/16  ver 3.4  Verb mode for urls, etc.
)
LaTeX Info: Redefining \url on input line 5141.
\XeTeXLinkMargin=\dimen127
\Fld@menulength=\count123
\Field@Width=\dimen128
\Fld@charsize=\dimen129
Package hyperref Info: Hyper figures OFF on input line 6396.
Package hyperref Info: Link nesting OFF on input line 6401.
Package hyperref Info: Hyper index ON on input line 6404.
Package hyperref Info: backreferencing OFF on input line 6411.
Package hyperref Info: Link coloring OFF on input line 6416.
Package hyperref Info: Link coloring with OCG OFF on input line 6421.
Package hyperref Info: PDF/A mode OFF on input line 6426.
LaTeX Info: Redefining \ref on input line 6466.
LaTeX Info: Redefining \pageref on input line 6470.
\Hy@abspage=\count124
\c@Item=\count125
\c@Hfootnote=\count126
)
Package hyperref Info: Driver (autodetected): hpdftex.

("C:\Program Files\MiKTeX 2.9\tex\latex\hyperref\hpdftex.def"
File: hpdftex.def 2018/09/30 v6.88a Hyperref driver for pdfTeX
\Fld@listcount=\count127
\c@bookmark@seq@number=\count128

("C:\Program Files\MiKTeX 2.9\tex\latex\oberdiek\rerunfilecheck.sty"
Package: rerunfilecheck 2016/05/16 v1.8 Rerun checks for auxiliary files (HO)
Package uniquecounter Info: New unique counter `rerunfilecheck' on input line 2
82.
)
\Hy@SectionHShift=\skip48
)
("C:\Program Files\MiKTeX 2.9\tex\latex\geometry\geometry.sty"
Package: geometry 2018/04/16 v5.8 Page Geometry
\Gm@cnth=\count129
\Gm@cntv=\count130
\c@Gm@tempcnt=\count131
\Gm@bindingoffset=\dimen130
\Gm@wd@mp=\dimen131
\Gm@odd@mp=\dimen132
\Gm@even@mp=\dimen133
\Gm@layoutwidth=\dimen134
\Gm@layoutheight=\dimen135
\Gm@layouthoffset=\dimen136
\Gm@layoutvoffset=\dimen137
\Gm@dimlist=\toks22

("C:\Program Files\MiKTeX 2.9\tex\latex\geometry\geometry.cfg"))
("C:\Program Files\MiKTeX 2.9\tex\latex\amsfonts\amsfonts.sty"
Package: amsfonts 2013/01/14 v3.01 Basic AMSFonts support
\symAMSa=\mathgroup4
\symAMSb=\mathgroup5
LaTeX Font Info:    Overwriting math alphabet `\mathfrak' in version `bold'
(Font)                  U/euf/m/n --> U/euf/b/n on input line 106.
)
(C:\Users\pmat747\AppData\Roaming\MiKTeX\2.9\tex\latex\booktabs\booktabs.sty
Package: booktabs 2005/04/14 v1.61803 publication quality tables
\heavyrulewidth=\dimen138
\lightrulewidth=\dimen139
\cmidrulewidth=\dimen140
\belowrulesep=\dimen141
\belowbottomsep=\dimen142
\aboverulesep=\dimen143
\abovetopsep=\dimen144
\cmidrulesep=\dimen145
\cmidrulekern=\dimen146
\defaultaddspace=\dimen147
\@cmidla=\count132
\@cmidlb=\count133
\@aboverulesep=\dimen148
\@belowrulesep=\dimen149
\@thisruleclass=\count134
\@lastruleclass=\count135
\@thisrulewidth=\dimen150
)
(pSplines.aux)
\openout1 = `pSplines.aux'.

LaTeX Font Info:    Checking defaults for OML/cmm/m/it on input line 33.
LaTeX Font Info:    ... okay on input line 33.
LaTeX Font Info:    Checking defaults for T1/cmr/m/n on input line 33.
LaTeX Font Info:    ... okay on input line 33.
LaTeX Font Info:    Checking defaults for OT1/cmr/m/n on input line 33.
LaTeX Font Info:    ... okay on input line 33.
LaTeX Font Info:    Checking defaults for OMS/cmsy/m/n on input line 33.
LaTeX Font Info:    ... okay on input line 33.
LaTeX Font Info:    Checking defaults for OMX/cmex/m/n on input line 33.
LaTeX Font Info:    ... okay on input line 33.
LaTeX Font Info:    Checking defaults for U/cmr/m/n on input line 33.
LaTeX Font Info:    ... okay on input line 33.
LaTeX Font Info:    Checking defaults for PD1/pdf/m/n on input line 33.
LaTeX Font Info:    ... okay on input line 33.

Unknown journal: specify \journalname{<name of your journal>} in preambel

(C:\Users\pmat747\AppData\Roaming\MiKTeX\2.9\tex\context\base\supp-pdf.mkii
[Loading MPS to PDF converter (version 2006.09.02).]
\scratchcounter=\count136
\scratchdimen=\dimen151
\scratchbox=\box31
\nofMPsegments=\count137
\nofMParguments=\count138
\everyMPshowfont=\toks23
\MPscratchCnt=\count139
\MPscratchDim=\dimen152
\MPnumerator=\count140
\makeMPintoPDFobject=\count141
\everyMPtoPDFconversion=\toks24
) ("C:\Program Files\MiKTeX 2.9\tex\latex\oberdiek\epstopdf-base.sty"
Package: epstopdf-base 2016/05/15 v2.6 Base part for package epstopdf

("C:\Program Files\MiKTeX 2.9\tex\latex\oberdiek\grfext.sty"
Package: grfext 2016/05/16 v1.2 Manage graphics extensions (HO)
)
Package epstopdf-base Info: Redefining graphics rule for `.eps' on input line 4
38.
Package grfext Info: Graphics extension search list:
(grfext)             [.pdf,.png,.jpg,.mps,.jpeg,.jbig2,.jb2,.PDF,.PNG,.JPG,.JPE
G,.JBIG2,.JB2,.eps]
(grfext)             \AppendGraphicsExtensions on input line 456.
)
\AtBeginShipoutBox=\box32
Package hyperref Info: Link coloring OFF on input line 33.

("C:\Program Files\MiKTeX 2.9\tex\latex\hyperref\nameref.sty"
Package: nameref 2016/05/21 v2.44 Cross-referencing by name of section

("C:\Program Files\MiKTeX 2.9\tex\generic\oberdiek\gettitlestring.sty"
Package: gettitlestring 2016/05/16 v1.5 Cleanup title references (HO)
)
\c@section@level=\count142
)
LaTeX Info: Redefining \ref on input line 33.
LaTeX Info: Redefining \pageref on input line 33.
LaTeX Info: Redefining \nameref on input line 33.

(pSplines.out) (pSplines.out)
\@outlinefile=\write3
\openout3 = `pSplines.out'.


*geometry* driver: auto-detecting
*geometry* detected driver: pdftex
*geometry* verbose mode - [ preamble ] result:
* driver: pdftex
* paper: <default>
* layout: <same size as paper>
* layoutoffset:(h,v)=(0.0pt,0.0pt)
* modes: twoside 
* h-part:(L,W,R)=(72.26999pt, 452.9679pt, 72.26999pt)
* v-part:(T,H,B)=(108.405pt, 628.23685pt, 108.405pt)
* \paperwidth=597.50787pt
* \paperheight=845.04684pt
* \textwidth=452.9679pt
* \textheight=628.23685pt
* \oddsidemargin=0.0pt
* \evensidemargin=0.0pt
* \topmargin=8.61989pt
* \headheight=12.0pt
* \headsep=15.51512pt
* \topskip=10.0pt
* \footskip=30.0pt
* \marginparwidth=48.0pt
* \marginparsep=10.0pt
* \columnsep=17.07164pt
* \skip\footins=9.0pt plus 4.0pt minus 2.0pt
* \hoffset=0.0pt
* \voffset=0.0pt
* \mag=1000
* \@twocolumntrue
* \@twosidetrue
* \@mparswitchtrue
* \@reversemarginfalse
* (1in=72.27pt=25.4mm, 1cm=28.453pt)

SVJour3 warning: Missing \journalname
SVJour3 warning: Missing \date

LaTeX Font Warning: Font shape `OT1/cmr/bx/n' in size <16> not available
(Font)              size <17.28> substituted on input line 36.

LaTeX Font Info:    Try loading font information for U+msa on input line 36.
("C:\Program Files\MiKTeX 2.9\tex\latex\amsfonts\umsa.fd"
File: umsa.fd 2013/01/14 v3.01 AMS symbols A
)
LaTeX Font Info:    Try loading font information for U+msb on input line 36.

("C:\Program Files\MiKTeX 2.9\tex\latex\amsfonts\umsb.fd"
File: umsb.fd 2013/01/14 v3.01 AMS symbols B
)
LaTeX Font Info:    Calculating math sizes for size <8.5> on input line 36.


LaTeX Font Warning: Font shape `OML/cmm/m/it' in size <8.5> not available
(Font)              size <8> substituted on input line 36.


LaTeX Font Warning: Font shape `OML/cmm/m/it' in size <4.25> not available
(Font)              size <5> substituted on input line 36.


LaTeX Font Warning: Font shape `OMS/cmsy/m/n' in size <8.5> not available
(Font)              size <8> substituted on input line 36.


LaTeX Font Warning: Font shape `OMS/cmsy/m/n' in size <4.25> not available
(Font)              size <5> substituted on input line 36.


Underfull \vbox (badness 10000) has occurred while \output is active []

 [1{C:/Users/pmat747/AppData/Local/MiKTeX/2.9/pdftex/config/pdftex.map}


]
Underfull \vbox (badness 2351) has occurred while \output is active []

 [2]
[3]
Underfull \hbox (badness 2119) in paragraph at lines 196--199
\OT1/cmr/m/n/10 ([]2018a[]) in-volves two Dirich-let pro-cesses, one
 []

[4] [5]
Overfull \hbox (6.89609pt too wide) detected at line 296
[]
 []


Overfull \hbox (7.6938pt too wide) detected at line 307
[]
 []


Underfull \hbox (badness 3701) in paragraph at lines 321--323
\OT1/cmr/m/n/10 where $[][] = (\OML/cmm/m/it/10 []; [] ; []; [] ; []\OT1/cmr
/m/n/10 )[]$, $\OML/cmm/m/it/10 z \OMS/cmsy/m/n/10 
 []

[6]
Underfull \hbox (badness 1137) in paragraph at lines 369--370
[]\OT1/cmr/m/n/10 Let $[] = []$ be the
 []


Underfull \vbox (badness 1783) has occurred while \output is active []

 [7]
Underfull \hbox (badness 4144) in paragraph at lines 391--392
[]\OT1/cmr/m/n/10 We es-ti-mated the spec-tral den-sity func-
 []


Underfull \hbox (badness 2653) in paragraph at lines 391--392
\OT1/cmr/m/n/10 tions us-ing the BspDP and P-spline pri-ors.
 []


LaTeX Font Warning: Font shape `OT1/cmr/m/it' in size <8.5> not available
(Font)              size <8> substituted on input line 427.


LaTeX Font Warning: Font shape `OT1/cmr/bx/n' in size <8.5> not available
(Font)              size <8> substituted on input line 448.


LaTeX Warning: No positions in optional float specifier.
               Default added (so using `tbp') on input line 453.

<figures/ar1.pdf, id=211, 505.89pt x 505.89pt>
File: figures/ar1.pdf Graphic file (type pdf)
<use figures/ar1.pdf>
Package pdftex.def Info: figures/ar1.pdf  used on input line 455.
(pdftex.def)             Requested size: 202.3524pt x 202.3524pt.

LaTeX Warning: No positions in optional float specifier.
               Default added (so using `tbp') on input line 460.

<figures/ar4.pdf, id=213, 505.89pt x 505.89pt>
File: figures/ar4.pdf Graphic file (type pdf)
<use figures/ar4.pdf>
Package pdftex.def Info: figures/ar4.pdf  used on input line 462.
(pdftex.def)             Requested size: 202.3524pt x 202.3524pt.
[8] [9 <./figures/ar1.pdf> <./figures/ar4.pdf>]

LaTeX Warning: No positions in optional float specifier.
               Default added (so using `tbp') on input line 564.

<figures/sunspot.pdf, id=262, 505.89pt x 505.89pt>
File: figures/sunspot.pdf Graphic file (type pdf)
<use figures/sunspot.pdf>
Package pdftex.def Info: figures/sunspot.pdf  used on input line 566.
(pdftex.def)             Requested size: 202.3524pt x 202.3524pt.
[10]

LaTeX Warning: No positions in optional float specifier.
               Default added (so using `tbp') on input line 602.

<figures/carinae.pdf, id=284, 505.89pt x 505.89pt>
File: figures/carinae.pdf Graphic file (type pdf)
<use figures/carinae.pdf>
Package pdftex.def Info: figures/carinae.pdf  used on input line 604.
(pdftex.def)             Requested size: 202.3524pt x 202.3524pt.

Underfull \hbox (badness 1072) in paragraph at lines 605--605
\OT1/cmr/m/n/8.5 star \OT1/cmr/m/it/8 S. Cari-nae \OT1/cmr/m/n/8.5 data based o
n the P-spline prior.
 []


Underfull \vbox (badness 10000) has occurred while \output is active []

 [11 <./figures/sunspot.pdf> <./figures/carinae.pdf>]

LaTeX Font Warning: Font shape `OT1/cmss/m/n' in size <8.5> not available
(Font)              size <8> substituted on input line 632.


Underfull \hbox (badness 5756) in paragraph at lines 632--633
[]\OT1/cmr/m/n/8.5 We thank the New Zealand
 []

(pSplines.bbl
Underfull \hbox (badness 10000) in paragraph at lines 9--17
[]\OT1/cmr/m/n/10 Vincent Bremhorst and Philippe Lam-bert.
 []


Underfull \hbox (badness 3758) in paragraph at lines 9--17
\OT1/cmr/m/n/10 Flex-i-ble es-ti-ma-tion in cure sur-vival mod-
 []


Underfull \hbox (badness 10000) in paragraph at lines 9--17
\OT1/cmr/m/n/10 els us-ing bayesian p-splines.  \OT1/cmr/m/it/10 Com-pu-
 []


Underfull \hbox (badness 10000) in paragraph at lines 9--17
\OT1/cmr/m/it/10 ta-tional Statis-tics & Data Anal-y-sis\OT1/cmr/m/n/10 , 93:
 []


Underfull \hbox (badness 1478) in paragraph at lines 9--17
\OT1/cmr/m/n/10 270 -- 284, 2016.  ISSN 0167-9473.  doi:
 []


Underfull \hbox (badness 10000) in paragraph at lines 9--17
\OT1/cmr/m/n/10 https : / / doi . org / 10 . 1016 / j . csda . 2014 . 05 . 009$
.
 []


Underfull \hbox (badness 10000) in paragraph at lines 9--17
\OT1/cmr/m/n/10 URL []$\OT1/cmtt/m/n/10 http : / / www . sciencedirect . com /
 []


Underfull \hbox (badness 6510) in paragraph at lines 19--25
\OT1/cmr/m/it/10 Se-ries: The-ory and Meth-ods\OT1/cmr/m/n/10 .  Springer-
 []


Underfull \hbox (badness 3884) in paragraph at lines 27--35
\OT1/cmr/m/n/10 mix-ture mod-el-ing for spec-tral den-sity es-
 []


Underfull \hbox (badness 2134) in paragraph at lines 27--35
\OT1/cmr/m/n/10 ti-ma-tion.  \OT1/cmr/m/it/10 Statis-tics & Prob-a-bil-ity Let-
ters\OT1/cmr/m/n/10 ,
 []


Underfull \hbox (badness 1112) in paragraph at lines 27--35
\OT1/cmr/m/n/10 125:189--195, 2017.  ISSN 0167-7152.  doi:
 []


Underfull \hbox (badness 10000) in paragraph at lines 27--35
[]$\OT1/cmtt/m/n/10 http : / / www . sciencedirect . com / science /
 []


Underfull \hbox (badness 10000) in paragraph at lines 45--51
[]\OT1/cmr/m/n/10 Nidhan Choud-huri, Sub-hashis Ghosal, and
 []


Underfull \hbox (badness 10000) in paragraph at lines 45--51
\OT1/cmr/m/n/10 Anindya Roy.  Bayesian es-ti-ma-tion of
 []


Underfull \hbox (badness 10000) in paragraph at lines 45--51
\OT1/cmr/m/n/10 the spec-tral den-sity of a time se-ries.
 []


Underfull \hbox (badness 10000) in paragraph at lines 45--51
\OT1/cmr/m/it/10 Jour-nal of the Amer-i-can Sta-tis-ti-cal As-
 []


Underfull \hbox (badness 6428) in paragraph at lines 45--51
\OT1/cmr/m/it/10 so-ci-a-tion\OT1/cmr/m/n/10 , 99(468):1050--1059, 2004.  doi:
 []


Underfull \hbox (badness 1688) in paragraph at lines 45--51
\OT1/cmr/m/n/10 10 . 1198 / 016214504000000557$.  URL []$\OT1/cmtt/m/n/10 https
 :
 []

[12]
Underfull \hbox (badness 1389) in paragraph at lines 87--96
\OT1/cmr/m/n/10 a sta-tion-ary time se-ries via an asymp-totic
 []


Underfull \hbox (badness 10000) in paragraph at lines 87--96
\OT1/cmr/m/n/10 / / doi . org / 10 . 1016 / S0378-[]3758(98 ) 00148-[]7$.
 []


Underfull \hbox (badness 10000) in paragraph at lines 87--96
\OT1/cmr/m/n/10 URL []$\OT1/cmtt/m/n/10 http : / / www . sciencedirect . com /
 []


Underfull \hbox (badness 10000) in paragraph at lines 116--125
\OT1/cmr/m/n/10 URL []$\OT1/cmtt/m/n/10 http : / / www . sciencedirect . com /
 []


Underfull \vbox (badness 10000) has occurred while \output is active []


Underfull \hbox (badness 10000) in paragraph at lines 144--153
\OT1/cmr/m/n/10 https : / / doi . org / 10 . 1016 / j . csda . 2007 . 01 . 018$
.
 []


Underfull \hbox (badness 10000) in paragraph at lines 144--153
\OT1/cmr/m/n/10 URL []$\OT1/cmtt/m/n/10 http : / / www . sciencedirect . com /
 []


Underfull \hbox (badness 3019) in paragraph at lines 163--171
[]\OT1/cmr/m/n/10 D.V. Likhachev.  Se-lect-ing the right num-
 []


Underfull \hbox (badness 2856) in paragraph at lines 163--171
\OT1/cmr/m/n/10 ber of knots for b-spline pa-ram-e-ter-i-za-tion
 []


Underfull \hbox (badness 2418) in paragraph at lines 163--171
\OT1/cmr/m/n/10 of the di-elec-tric func-tions in spec-tro-scopic
 []


Underfull \hbox (badness 7344) in paragraph at lines 163--171
\OT1/cmr/m/n/10 el-lip-som-e-try data anal-y-sis.  \OT1/cmr/m/it/10 Thin Solid
 []


Underfull \hbox (badness 1939) in paragraph at lines 163--171
\OT1/cmr/m/it/10 Films\OT1/cmr/m/n/10 , 636:519 -- 526, 2017.  ISSN 0040-
 []


Underfull \hbox (badness 2158) in paragraph at lines 173--179
\OT1/cmr/m/n/10 De Can-di-tiis.  Bayesian de-ci-sion the-o-retic
 []


Underfull \hbox (badness 4899) in paragraph at lines 173--179
\OT1/cmr/m/n/10 scale-adaptive es-ti-ma-tion of a log-spectral
 []


Underfull \hbox (badness 10000) in paragraph at lines 173--179
\OT1/cmr/m/n/10 URL []$\OT1/cmtt/m/n/10 http : / / www3 . stat . sinica . edu .
 tw /
 []


Underfull \vbox (badness 10000) has occurred while \output is active []

 [13]
Underfull \hbox (badness 2158) in paragraph at lines 198--204
[]\OT1/cmr/m/n/10 Sonia Petrone.  Bayesian den-sity es-ti-ma-tion
 []


Underfull \hbox (badness 3302) in paragraph at lines 198--204
\OT1/cmr/m/n/10 us-ing bern-stein poly-no-mi-als.  \OT1/cmr/m/it/10 The Cana-
 []


Underfull \hbox (badness 1515) in paragraph at lines 198--204
\OT1/cmr/m/it/10 di-enne de Statis-tique\OT1/cmr/m/n/10 , 27(1):105--126, 1999b
.
 []


Underfull \hbox (badness 1389) in paragraph at lines 206--212
\OT1/cmr/m/n/10 ing splines.  \OT1/cmr/m/it/10 Biometrika\OT1/cmr/m/n/10 , 94(2
):335--345, 02
 []


Underfull \hbox (badness 1997) in paragraph at lines 206--212
\OT1/cmr/m/n/10 asm022$.  URL []$\OT1/cmtt/m/n/10 https : / / doi . org / 10 . 
1093 /
 []


Underfull \hbox (badness 1527) in paragraph at lines 229--235
[]\OT1/cmr/m/n/10 Xiaofeng Shao and Wei Biao Wu.  Asymp-
 []

)
Package atveryend Info: Empty hook `BeforeClearDocument' on input line 642.
 [14

]
Package atveryend Info: Empty hook `AfterLastShipout' on input line 642.
 (pSplines.aux)
Package atveryend Info: Executing hook `AtVeryEndDocument' on input line 642.
Package atveryend Info: Executing hook `AtEndAfterFileList' on input line 642.
Package rerunfilecheck Info: File `pSplines.out' has not changed.
(rerunfilecheck)             Checksum: 0D2CFAC4B116E8ED2ACDFE79F1F1098F;262.


LaTeX Font Warning: Size substitutions with differences
(Font)              up to 1.28pt have occurred.

Package atveryend Info: Empty hook `AtVeryVeryEnd' on input line 642.
 ) 
Here is how much of TeX's memory you used:
 6998 strings out of 492970
 99998 string characters out of 3135849
 221718 words of memory out of 3000000
 10725 multiletter control sequences out of 15000+200000
 14488 words of font info for 55 fonts, out of 3000000 for 9000
 1141 hyphenation exceptions out of 8191
 28i,16n,34p,896b,450s stack positions out of 5000i,500n,10000p,200000b,50000s
<C:/Program Files/MiKTeX 2.9/fonts/type1/public/amsfonts/cm/cmbsy10.pfb><C:/P
rogram Files/MiKTeX 2.9/fonts/type1/public/amsfonts/cm/cmbx10.pfb><C:/Program F
iles/MiKTeX 2.9/fonts/type1/public/amsfonts/cm/cmbx12.pfb><C:/Program Files/MiK
TeX 2.9/fonts/type1/public/amsfonts/cm/cmbx8.pfb><C:/Program Files/MiKTeX 2.9/f
onts/type1/public/amsfonts/cm/cmex10.pfb><C:/Program Files/MiKTeX 2.9/fonts/typ
e1/public/amsfonts/cm/cmmi10.pfb><C:/Program Files/MiKTeX 2.9/fonts/type1/publi
c/amsfonts/cm/cmmi5.pfb><C:/Program Files/MiKTeX 2.9/fonts/type1/public/amsfont
s/cm/cmmi7.pfb><C:/Program Files/MiKTeX 2.9/fonts/type1/public/amsfonts/cm/cmmi
8.pfb><C:/Program Files/MiKTeX 2.9/fonts/type1/public/amsfonts/cm/cmmib10.pfb><
C:/Program Files/MiKTeX 2.9/fonts/type1/public/amsfonts/cm/cmr10.pfb><C:/Progra
m Files/MiKTeX 2.9/fonts/type1/public/amsfonts/cm/cmr7.pfb><C:/Program Files/Mi
KTeX 2.9/fonts/type1/public/amsfonts/cm/cmr8.pfb><C:/Program Files/MiKTeX 2.9/f
onts/type1/public/amsfonts/cm/cmss10.pfb><C:/Program Files/MiKTeX 2.9/fonts/typ
e1/public/amsfonts/cm/cmss8.pfb><C:/Program Files/MiKTeX 2.9/fonts/type1/public
/amsfonts/cm/cmsy10.pfb><C:/Program Files/MiKTeX 2.9/fonts/type1/public/amsfont
s/cm/cmsy5.pfb><C:/Program Files/MiKTeX 2.9/fonts/type1/public/amsfonts/cm/cmsy
7.pfb><C:/Program Files/MiKTeX 2.9/fonts/type1/public/amsfonts/cm/cmti10.pfb><C
:/Program Files/MiKTeX 2.9/fonts/type1/public/amsfonts/cm/cmti8.pfb><C:/Program
 Files/MiKTeX 2.9/fonts/type1/public/amsfonts/cm/cmtt10.pfb><C:/Program Files/M
iKTeX 2.9/fonts/type1/public/amsfonts/symbols/msbm10.pfb>
Output written on pSplines.pdf (14 pages, 426226 bytes).
PDF statistics:
 468 PDF objects out of 1000 (max. 8388607)
 69 named destinations out of 1000 (max. 500000)
 85 words of extra memory for PDF output out of 10000 (max. 10000000)

